Build started 24 Feb, 2014 12:46:01 AM.
     1>Project "E:\BUET\L1,T2\CSE\CSE 106\Midterm assignment\Igraphics readymade for VS2008_2010\Igraphics\Igraphics.vcxproj" on node 2 (build target(s)).
     1>InitializeBuildStatus:
         Creating "Debug\Igraphics.unsuccessfulbuild" because "AlwaysCreate" was specified.
       ClCompile:
         C:\Program Files (x86)\Microsoft Visual Studio 10.0\VC\bin\CL.exe /c /I"Igraphics_08.02.2014\GL Files\include" /ZI /nologo /W3 /WX- /Od /Oy- /D WIN32 /D _DEBUG /D _CONSOLE /D _MBCS /Gm /EHsc /RTC1 /MDd /GS /fp:precise /Zc:wchar_t /Zc:forScope /Fo"Debug\\" /Fd"Debug\vc100.pdb" /Gd /TP /analyze- /errorReport:prompt "Igraphics_08.02.2014\Source Files\Knight_Tour.cpp"
         Knight_Tour.cpp
       ManifestResourceCompile:
         All outputs are up-to-date.
       Link:
         C:\Program Files (x86)\Microsoft Visual Studio 10.0\VC\bin\link.exe /ERRORREPORT:PROMPT /OUT:"E:\BUET\L1,T2\CSE\CSE 106\Midterm assignment\Igraphics readymade for VS2008_2010\Igraphics\Debug\Igraphics.exe" /INCREMENTAL /NOLOGO /LIBPATH:"Igraphics_08.02.2014\GL Files\lib" kernel32.lib user32.lib gdi32.lib winspool.lib comdlg32.lib advapi32.lib shell32.lib ole32.lib oleaut32.lib uuid.lib odbc32.lib odbccp32.lib /MANIFEST /ManifestFile:"Debug\Igraphics.exe.intermediate.manifest" /MANIFESTUAC:"level='asInvoker' uiAccess='false'" /DEBUG /PDB:"E:\BUET\L1,T2\CSE\CSE 106\Midterm assignment\Igraphics readymade for VS2008_2010\Igraphics\Debug\Igraphics.pdb" /SUBSYSTEM:CONSOLE /TLBID:1 /DYNAMICBASE /NXCOMPAT /IMPLIB:"E:\BUET\L1,T2\CSE\CSE 106\Midterm assignment\Igraphics readymade for VS2008_2010\Igraphics\Debug\Igraphics.lib" /MACHINE:X86 Debug\Igraphics.exe.embed.manifest.res
         Debug\Knight_Tour.obj
       Manifest:
         C:\Program Files (x86)\Microsoft SDKs\Windows\v7.0A\bin\mt.exe /nologo /verbose /out:"Debug\Igraphics.exe.embed.manifest" /manifest Debug\Igraphics.exe.intermediate.manifest
         All outputs are up-to-date.
       LinkEmbedManifest:
         All outputs are up-to-date.
         Igraphics.vcxproj -> E:\BUET\L1,T2\CSE\CSE 106\Midterm assignment\Igraphics readymade for VS2008_2010\Igraphics\Debug\Igraphics.exe
       FinalizeBuildStatus:
         Deleting file "Debug\Igraphics.unsuccessfulbuild".
         Touching "Debug\Igraphics.lastbuildstate".
     1>Done Building Project "E:\BUET\L1,T2\CSE\CSE 106\Midterm assignment\Igraphics readymade for VS2008_2010\Igraphics\Igraphics.vcxproj" (build target(s)).

Build succeeded.

Time Elapsed 00:00:00.98
